2015-04-29 13:05:41,273 [myid:] - INFO  [main:QuorumPeerConfig@103] - Reading configuration from: /home/UFAD/paragoke/zookeeper/zookeeper-3.4.6/bin/../conf/zoo.cfg
2015-04-29 13:05:41,281 [myid:] - INFO  [main:QuorumPeerConfig@340] - Defaulting to majority quorums
2015-04-29 13:05:41,285 [myid:1] - INFO  [main:DatadirCleanupManager@78] - autopurge.snapRetainCount set to 3
2015-04-29 13:05:41,285 [myid:1] - INFO  [main:DatadirCleanupManager@79] - autopurge.purgeInterval set to 0
2015-04-29 13:05:41,286 [myid:1] - INFO  [main:DatadirCleanupManager@101] - Purge task is not scheduled.
2015-04-29 13:05:41,306 [myid:1] - INFO  [main:QuorumPeerMain@127] - Starting quorum peer
2015-04-29 13:05:41,319 [myid:1] - INFO  [main:NIOServerCnxnFactory@94] - binding to port 0.0.0.0/0.0.0.0:2181
2015-04-29 13:05:41,349 [myid:1] - INFO  [main:QuorumPeer@959] - tickTime set to 2000
2015-04-29 13:05:41,349 [myid:1] - INFO  [main:QuorumPeer@979] - minSessionTimeout set to -1
2015-04-29 13:05:41,350 [myid:1] - INFO  [main:QuorumPeer@990] - maxSessionTimeout set to -1
2015-04-29 13:05:41,350 [myid:1] - INFO  [main:QuorumPeer@1005] - initLimit set to 5
2015-04-29 13:05:41,374 [myid:1] - INFO  [main:FileSnap@83] - Reading snapshot /home/UFAD/paragoke/zookeeper/zookeeper-3.4.6/data/version-2/snapshot.700000164
2015-04-29 13:05:41,598 [myid:1] - INFO  [Thread-1:QuorumCnxManager$Listener@504] - My election bind port: ece-acis-dc521/10.244.35.82:3888
2015-04-29 13:05:41,609 [myid:1] - INFO  [QuorumPeer[myid=1]/0:0:0:0:0:0:0:0:2181:QuorumPeer@714] - LOOKING
2015-04-29 13:05:41,613 [myid:1] - INFO  [QuorumPeer[myid=1]/0:0:0:0:0:0:0:0:2181:FastLeaderElection@815] - New election. My id =  1, proposed zxid=0x700000602
2015-04-29 13:05:41,615 [myid:1] - INFO  [WorkerReceiver[myid=1]:FastLeaderElection@597] - Notification: 1 (message format version), 1 (n.leader), 0x700000602 (n.zxid), 0x1 (n.round), LOOKING (n.state), 1 (n.sid), 0x7 (n.peerEpoch) LOOKING (my state)
2015-04-29 13:05:41,621 [myid:1] - WARN  [WorkerSender[myid=1]:QuorumCnxManager@382] - Cannot open channel to 2 at election address ece-acis-dc522/10.244.35.98:3888
java.net.ConnectException: Connection refused
	at java.net.PlainSocketImpl.socketConnect(Native Method)
	at java.net.AbstractPlainSocketImpl.doConnect(AbstractPlainSocketImpl.java:339)
	at java.net.AbstractPlainSocketImpl.connectToAddress(AbstractPlainSocketImpl.java:200)
	at java.net.AbstractPlainSocketImpl.connect(AbstractPlainSocketImpl.java:182)
	at java.net.SocksSocketImpl.connect(SocksSocketImpl.java:392)
	at java.net.Socket.connect(Socket.java:579)
	at org.apache.zookeeper.server.quorum.QuorumCnxManager.connectOne(QuorumCnxManager.java:368)
	at org.apache.zookeeper.server.quorum.QuorumCnxManager.toSend(QuorumCnxManager.java:341)
	at org.apache.zookeeper.server.quorum.FastLeaderElection$Messenger$WorkerSender.process(FastLeaderElection.java:449)
	at org.apache.zookeeper.server.quorum.FastLeaderElection$Messenger$WorkerSender.run(FastLeaderElection.java:430)
	at java.lang.Thread.run(Thread.java:744)
2015-04-29 13:05:41,623 [myid:1] - WARN  [WorkerSender[myid=1]:QuorumCnxManager@382] - Cannot open channel to 3 at election address ece-acis-dc523/10.244.35.111:3888
java.net.ConnectException: Connection refused
	at java.net.PlainSocketImpl.socketConnect(Native Method)
	at java.net.AbstractPlainSocketImpl.doConnect(AbstractPlainSocketImpl.java:339)
	at java.net.AbstractPlainSocketImpl.connectToAddress(AbstractPlainSocketImpl.java:200)
	at java.net.AbstractPlainSocketImpl.connect(AbstractPlainSocketImpl.java:182)
	at java.net.SocksSocketImpl.connect(SocksSocketImpl.java:392)
	at java.net.Socket.connect(Socket.java:579)
	at org.apache.zookeeper.server.quorum.QuorumCnxManager.connectOne(QuorumCnxManager.java:368)
	at org.apache.zookeeper.server.quorum.QuorumCnxManager.toSend(QuorumCnxManager.java:341)
	at org.apache.zookeeper.server.quorum.FastLeaderElection$Messenger$WorkerSender.process(FastLeaderElection.java:449)
	at org.apache.zookeeper.server.quorum.FastLeaderElection$Messenger$WorkerSender.run(FastLeaderElection.java:430)
	at java.lang.Thread.run(Thread.java:744)
2015-04-29 13:05:41,624 [myid:1] - WARN  [WorkerSender[myid=1]:QuorumCnxManager@382] - Cannot open channel to 4 at election address ece-acis-dc524/10.244.35.126:3888
java.net.ConnectException: Connection refused
	at java.net.PlainSocketImpl.socketConnect(Native Method)
	at java.net.AbstractPlainSocketImpl.doConnect(AbstractPlainSocketImpl.java:339)
	at java.net.AbstractPlainSocketImpl.connectToAddress(AbstractPlainSocketImpl.java:200)
	at java.net.AbstractPlainSocketImpl.connect(AbstractPlainSocketImpl.java:182)
	at java.net.SocksSocketImpl.connect(SocksSocketImpl.java:392)
	at java.net.Socket.connect(Socket.java:579)
	at org.apache.zookeeper.server.quorum.QuorumCnxManager.connectOne(QuorumCnxManager.java:368)
	at org.apache.zookeeper.server.quorum.QuorumCnxManager.toSend(QuorumCnxManager.java:341)
	at org.apache.zookeeper.server.quorum.FastLeaderElection$Messenger$WorkerSender.process(FastLeaderElection.java:449)
	at org.apache.zookeeper.server.quorum.FastLeaderElection$Messenger$WorkerSender.run(FastLeaderElection.java:430)
	at java.lang.Thread.run(Thread.java:744)
2015-04-29 13:05:41,625 [myid:1] - WARN  [WorkerSender[myid=1]:QuorumCnxManager@382] - Cannot open channel to 5 at election address ece-acis-dc525/10.244.35.140:3888
java.net.ConnectException: Connection refused
	at java.net.PlainSocketImpl.socketConnect(Native Method)
	at java.net.AbstractPlainSocketImpl.doConnect(AbstractPlainSocketImpl.java:339)
	at java.net.AbstractPlainSocketImpl.connectToAddress(AbstractPlainSocketImpl.java:200)
	at java.net.AbstractPlainSocketImpl.connect(AbstractPlainSocketImpl.java:182)
	at java.net.SocksSocketImpl.connect(SocksSocketImpl.java:392)
	at java.net.Socket.connect(Socket.java:579)
	at org.apache.zookeeper.server.quorum.QuorumCnxManager.connectOne(QuorumCnxManager.java:368)
	at org.apache.zookeeper.server.quorum.QuorumCnxManager.toSend(QuorumCnxManager.java:341)
	at org.apache.zookeeper.server.quorum.FastLeaderElection$Messenger$WorkerSender.process(FastLeaderElection.java:449)
	at org.apache.zookeeper.server.quorum.FastLeaderElection$Messenger$WorkerSender.run(FastLeaderElection.java:430)
	at java.lang.Thread.run(Thread.java:744)
2015-04-29 13:05:41,821 [myid:1] - WARN  [QuorumPeer[myid=1]/0:0:0:0:0:0:0:0:2181:QuorumCnxManager@382] - Cannot open channel to 5 at election address ece-acis-dc525/10.244.35.140:3888
java.net.ConnectException: Connection refused
	at java.net.PlainSocketImpl.socketConnect(Native Method)
	at java.net.AbstractPlainSocketImpl.doConnect(AbstractPlainSocketImpl.java:339)
	at java.net.AbstractPlainSocketImpl.connectToAddress(AbstractPlainSocketImpl.java:200)
	at java.net.AbstractPlainSocketImpl.connect(AbstractPlainSocketImpl.java:182)
	at java.net.SocksSocketImpl.connect(SocksSocketImpl.java:392)
	at java.net.Socket.connect(Socket.java:579)
	at org.apache.zookeeper.server.quorum.QuorumCnxManager.connectOne(QuorumCnxManager.java:368)
	at org.apache.zookeeper.server.quorum.QuorumCnxManager.connectAll(QuorumCnxManager.java:402)
	at org.apache.zookeeper.server.quorum.FastLeaderElection.lookForLeader(FastLeaderElection.java:840)
	at org.apache.zookeeper.server.quorum.QuorumPeer.run(QuorumPeer.java:762)
2015-04-29 13:05:41,822 [myid:1] - WARN  [QuorumPeer[myid=1]/0:0:0:0:0:0:0:0:2181:QuorumCnxManager@382] - Cannot open channel to 2 at election address ece-acis-dc522/10.244.35.98:3888
java.net.ConnectException: Connection refused
	at java.net.PlainSocketImpl.socketConnect(Native Method)
	at java.net.AbstractPlainSocketImpl.doConnect(AbstractPlainSocketImpl.java:339)
	at java.net.AbstractPlainSocketImpl.connectToAddress(AbstractPlainSocketImpl.java:200)
	at java.net.AbstractPlainSocketImpl.connect(AbstractPlainSocketImpl.java:182)
	at java.net.SocksSocketImpl.connect(SocksSocketImpl.java:392)
	at java.net.Socket.connect(Socket.java:579)
	at org.apache.zookeeper.server.quorum.QuorumCnxManager.connectOne(QuorumCnxManager.java:368)
	at org.apache.zookeeper.server.quorum.QuorumCnxManager.connectAll(QuorumCnxManager.java:402)
	at org.apache.zookeeper.server.quorum.FastLeaderElection.lookForLeader(FastLeaderElection.java:840)
	at org.apache.zookeeper.server.quorum.QuorumPeer.run(QuorumPeer.java:762)
2015-04-29 13:05:41,823 [myid:1] - WARN  [QuorumPeer[myid=1]/0:0:0:0:0:0:0:0:2181:QuorumCnxManager@382] - Cannot open channel to 3 at election address ece-acis-dc523/10.244.35.111:3888
java.net.ConnectException: Connection refused
	at java.net.PlainSocketImpl.socketConnect(Native Method)
	at java.net.AbstractPlainSocketImpl.doConnect(AbstractPlainSocketImpl.java:339)
	at java.net.AbstractPlainSocketImpl.connectToAddress(AbstractPlainSocketImpl.java:200)
	at java.net.AbstractPlainSocketImpl.connect(AbstractPlainSocketImpl.java:182)
	at java.net.SocksSocketImpl.connect(SocksSocketImpl.java:392)
	at java.net.Socket.connect(Socket.java:579)
	at org.apache.zookeeper.server.quorum.QuorumCnxManager.connectOne(QuorumCnxManager.java:368)
	at org.apache.zookeeper.server.quorum.QuorumCnxManager.connectAll(QuorumCnxManager.java:402)
	at org.apache.zookeeper.server.quorum.FastLeaderElection.lookForLeader(FastLeaderElection.java:840)
	at org.apache.zookeeper.server.quorum.QuorumPeer.run(QuorumPeer.java:762)
2015-04-29 13:05:41,824 [myid:1] - WARN  [QuorumPeer[myid=1]/0:0:0:0:0:0:0:0:2181:QuorumCnxManager@382] - Cannot open channel to 4 at election address ece-acis-dc524/10.244.35.126:3888
java.net.ConnectException: Connection refused
	at java.net.PlainSocketImpl.socketConnect(Native Method)
	at java.net.AbstractPlainSocketImpl.doConnect(AbstractPlainSocketImpl.java:339)
	at java.net.AbstractPlainSocketImpl.connectToAddress(AbstractPlainSocketImpl.java:200)
	at java.net.AbstractPlainSocketImpl.connect(AbstractPlainSocketImpl.java:182)
	at java.net.SocksSocketImpl.connect(SocksSocketImpl.java:392)
	at java.net.Socket.connect(Socket.java:579)
	at org.apache.zookeeper.server.quorum.QuorumCnxManager.connectOne(QuorumCnxManager.java:368)
	at org.apache.zookeeper.server.quorum.QuorumCnxManager.connectAll(QuorumCnxManager.java:402)
	at org.apache.zookeeper.server.quorum.FastLeaderElection.lookForLeader(FastLeaderElection.java:840)
	at org.apache.zookeeper.server.quorum.QuorumPeer.run(QuorumPeer.java:762)
2015-04-29 13:05:41,829 [myid:1] - INFO  [QuorumPeer[myid=1]/0:0:0:0:0:0:0:0:2181:FastLeaderElection@849] - Notification time out: 400
2015-04-29 13:05:42,230 [myid:1] - WARN  [QuorumPeer[myid=1]/0:0:0:0:0:0:0:0:2181:QuorumCnxManager@382] - Cannot open channel to 5 at election address ece-acis-dc525/10.244.35.140:3888
java.net.ConnectException: Connection refused
	at java.net.PlainSocketImpl.socketConnect(Native Method)
	at java.net.AbstractPlainSocketImpl.doConnect(AbstractPlainSocketImpl.java:339)
	at java.net.AbstractPlainSocketImpl.connectToAddress(AbstractPlainSocketImpl.java:200)
	at java.net.AbstractPlainSocketImpl.connect(AbstractPlainSocketImpl.java:182)
	at java.net.SocksSocketImpl.connect(SocksSocketImpl.java:392)
	at java.net.Socket.connect(Socket.java:579)
	at org.apache.zookeeper.server.quorum.QuorumCnxManager.connectOne(QuorumCnxManager.java:368)
	at org.apache.zookeeper.server.quorum.QuorumCnxManager.connectAll(QuorumCnxManager.java:402)
	at org.apache.zookeeper.server.quorum.FastLeaderElection.lookForLeader(FastLeaderElection.java:840)
	at org.apache.zookeeper.server.quorum.QuorumPeer.run(QuorumPeer.java:762)
2015-04-29 13:05:42,233 [myid:1] - WARN  [QuorumPeer[myid=1]/0:0:0:0:0:0:0:0:2181:QuorumCnxManager@382] - Cannot open channel to 2 at election address ece-acis-dc522/10.244.35.98:3888
java.net.ConnectException: Connection refused
	at java.net.PlainSocketImpl.socketConnect(Native Method)
	at java.net.AbstractPlainSocketImpl.doConnect(AbstractPlainSocketImpl.java:339)
	at java.net.AbstractPlainSocketImpl.connectToAddress(AbstractPlainSocketImpl.java:200)
	at java.net.AbstractPlainSocketImpl.connect(AbstractPlainSocketImpl.java:182)
	at java.net.SocksSocketImpl.connect(SocksSocketImpl.java:392)
	at java.net.Socket.connect(Socket.java:579)
	at org.apache.zookeeper.server.quorum.QuorumCnxManager.connectOne(QuorumCnxManager.java:368)
	at org.apache.zookeeper.server.quorum.QuorumCnxManager.connectAll(QuorumCnxManager.java:402)
	at org.apache.zookeeper.server.quorum.FastLeaderElection.lookForLeader(FastLeaderElection.java:840)
	at org.apache.zookeeper.server.quorum.QuorumPeer.run(QuorumPeer.java:762)
2015-04-29 13:05:42,236 [myid:1] - WARN  [QuorumPeer[myid=1]/0:0:0:0:0:0:0:0:2181:QuorumCnxManager@382] - Cannot open channel to 3 at election address ece-acis-dc523/10.244.35.111:3888
java.net.ConnectException: Connection refused
	at java.net.PlainSocketImpl.socketConnect(Native Method)
	at java.net.AbstractPlainSocketImpl.doConnect(AbstractPlainSocketImpl.java:339)
	at java.net.AbstractPlainSocketImpl.connectToAddress(AbstractPlainSocketImpl.java:200)
	at java.net.AbstractPlainSocketImpl.connect(AbstractPlainSocketImpl.java:182)
	at java.net.SocksSocketImpl.connect(SocksSocketImpl.java:392)
	at java.net.Socket.connect(Socket.java:579)
	at org.apache.zookeeper.server.quorum.QuorumCnxManager.connectOne(QuorumCnxManager.java:368)
	at org.apache.zookeeper.server.quorum.QuorumCnxManager.connectAll(QuorumCnxManager.java:402)
	at org.apache.zookeeper.server.quorum.FastLeaderElection.lookForLeader(FastLeaderElection.java:840)
	at org.apache.zookeeper.server.quorum.QuorumPeer.run(QuorumPeer.java:762)
2015-04-29 13:05:42,237 [myid:1] - WARN  [QuorumPeer[myid=1]/0:0:0:0:0:0:0:0:2181:QuorumCnxManager@382] - Cannot open channel to 4 at election address ece-acis-dc524/10.244.35.126:3888
java.net.ConnectException: Connection refused
	at java.net.PlainSocketImpl.socketConnect(Native Method)
	at java.net.AbstractPlainSocketImpl.doConnect(AbstractPlainSocketImpl.java:339)
	at java.net.AbstractPlainSocketImpl.connectToAddress(AbstractPlainSocketImpl.java:200)
	at java.net.AbstractPlainSocketImpl.connect(AbstractPlainSocketImpl.java:182)
	at java.net.SocksSocketImpl.connect(SocksSocketImpl.java:392)
	at java.net.Socket.connect(Socket.java:579)
	at org.apache.zookeeper.server.quorum.QuorumCnxManager.connectOne(QuorumCnxManager.java:368)
	at org.apache.zookeeper.server.quorum.QuorumCnxManager.connectAll(QuorumCnxManager.java:402)
	at org.apache.zookeeper.server.quorum.FastLeaderElection.lookForLeader(FastLeaderElection.java:840)
	at org.apache.zookeeper.server.quorum.QuorumPeer.run(QuorumPeer.java:762)
2015-04-29 13:05:42,237 [myid:1] - INFO  [QuorumPeer[myid=1]/0:0:0:0:0:0:0:0:2181:FastLeaderElection@849] - Notification time out: 800
2015-04-29 13:05:43,038 [myid:1] - WARN  [QuorumPeer[myid=1]/0:0:0:0:0:0:0:0:2181:QuorumCnxManager@382] - Cannot open channel to 5 at election address ece-acis-dc525/10.244.35.140:3888
java.net.ConnectException: Connection refused
	at java.net.PlainSocketImpl.socketConnect(Native Method)
	at java.net.AbstractPlainSocketImpl.doConnect(AbstractPlainSocketImpl.java:339)
	at java.net.AbstractPlainSocketImpl.connectToAddress(AbstractPlainSocketImpl.java:200)
	at java.net.AbstractPlainSocketImpl.connect(AbstractPlainSocketImpl.java:182)
	at java.net.SocksSocketImpl.connect(SocksSocketImpl.java:392)
	at java.net.Socket.connect(Socket.java:579)
	at org.apache.zookeeper.server.quorum.QuorumCnxManager.connectOne(QuorumCnxManager.java:368)
	at org.apache.zookeeper.server.quorum.QuorumCnxManager.connectAll(QuorumCnxManager.java:402)
	at org.apache.zookeeper.server.quorum.FastLeaderElection.lookForLeader(FastLeaderElection.java:840)
	at org.apache.zookeeper.server.quorum.QuorumPeer.run(QuorumPeer.java:762)
2015-04-29 13:05:43,039 [myid:1] - WARN  [QuorumPeer[myid=1]/0:0:0:0:0:0:0:0:2181:QuorumCnxManager@382] - Cannot open channel to 2 at election address ece-acis-dc522/10.244.35.98:3888
java.net.ConnectException: Connection refused
	at java.net.PlainSocketImpl.socketConnect(Native Method)
	at java.net.AbstractPlainSocketImpl.doConnect(AbstractPlainSocketImpl.java:339)
	at java.net.AbstractPlainSocketImpl.connectToAddress(AbstractPlainSocketImpl.java:200)
	at java.net.AbstractPlainSocketImpl.connect(AbstractPlainSocketImpl.java:182)
	at java.net.SocksSocketImpl.connect(SocksSocketImpl.java:392)
	at java.net.Socket.connect(Socket.java:579)
	at org.apache.zookeeper.server.quorum.QuorumCnxManager.connectOne(QuorumCnxManager.java:368)
	at org.apache.zookeeper.server.quorum.QuorumCnxManager.connectAll(QuorumCnxManager.java:402)
	at org.apache.zookeeper.server.quorum.FastLeaderElection.lookForLeader(FastLeaderElection.java:840)
	at org.apache.zookeeper.server.quorum.QuorumPeer.run(QuorumPeer.java:762)
2015-04-29 13:05:43,047 [myid:1] - WARN  [QuorumPeer[myid=1]/0:0:0:0:0:0:0:0:2181:QuorumCnxManager@382] - Cannot open channel to 3 at election address ece-acis-dc523/10.244.35.111:3888
java.net.ConnectException: Connection refused
	at java.net.PlainSocketImpl.socketConnect(Native Method)
	at java.net.AbstractPlainSocketImpl.doConnect(AbstractPlainSocketImpl.java:339)
	at java.net.AbstractPlainSocketImpl.connectToAddress(AbstractPlainSocketImpl.java:200)
	at java.net.AbstractPlainSocketImpl.connect(AbstractPlainSocketImpl.java:182)
	at java.net.SocksSocketImpl.connect(SocksSocketImpl.java:392)
	at java.net.Socket.connect(Socket.java:579)
	at org.apache.zookeeper.server.quorum.QuorumCnxManager.connectOne(QuorumCnxManager.java:368)
	at org.apache.zookeeper.server.quorum.QuorumCnxManager.connectAll(QuorumCnxManager.java:402)
	at org.apache.zookeeper.server.quorum.FastLeaderElection.lookForLeader(FastLeaderElection.java:840)
	at org.apache.zookeeper.server.quorum.QuorumPeer.run(QuorumPeer.java:762)
2015-04-29 13:05:43,047 [myid:1] - WARN  [QuorumPeer[myid=1]/0:0:0:0:0:0:0:0:2181:QuorumCnxManager@382] - Cannot open channel to 4 at election address ece-acis-dc524/10.244.35.126:3888
java.net.ConnectException: Connection refused
	at java.net.PlainSocketImpl.socketConnect(Native Method)
	at java.net.AbstractPlainSocketImpl.doConnect(AbstractPlainSocketImpl.java:339)
	at java.net.AbstractPlainSocketImpl.connectToAddress(AbstractPlainSocketImpl.java:200)
	at java.net.AbstractPlainSocketImpl.connect(AbstractPlainSocketImpl.java:182)
	at java.net.SocksSocketImpl.connect(SocksSocketImpl.java:392)
	at java.net.Socket.connect(Socket.java:579)
	at org.apache.zookeeper.server.quorum.QuorumCnxManager.connectOne(QuorumCnxManager.java:368)
	at org.apache.zookeeper.server.quorum.QuorumCnxManager.connectAll(QuorumCnxManager.java:402)
	at org.apache.zookeeper.server.quorum.FastLeaderElection.lookForLeader(FastLeaderElection.java:840)
	at org.apache.zookeeper.server.quorum.QuorumPeer.run(QuorumPeer.java:762)
2015-04-29 13:05:43,048 [myid:1] - INFO  [QuorumPeer[myid=1]/0:0:0:0:0:0:0:0:2181:FastLeaderElection@849] - Notification time out: 1600
2015-04-29 13:05:44,649 [myid:1] - WARN  [QuorumPeer[myid=1]/0:0:0:0:0:0:0:0:2181:QuorumCnxManager@382] - Cannot open channel to 5 at election address ece-acis-dc525/10.244.35.140:3888
java.net.ConnectException: Connection refused
	at java.net.PlainSocketImpl.socketConnect(Native Method)
	at java.net.AbstractPlainSocketImpl.doConnect(AbstractPlainSocketImpl.java:339)
	at java.net.AbstractPlainSocketImpl.connectToAddress(AbstractPlainSocketImpl.java:200)
	at java.net.AbstractPlainSocketImpl.connect(AbstractPlainSocketImpl.java:182)
	at java.net.SocksSocketImpl.connect(SocksSocketImpl.java:392)
	at java.net.Socket.connect(Socket.java:579)
	at org.apache.zookeeper.server.quorum.QuorumCnxManager.connectOne(QuorumCnxManager.java:368)
	at org.apache.zookeeper.server.quorum.QuorumCnxManager.connectAll(QuorumCnxManager.java:402)
	at org.apache.zookeeper.server.quorum.FastLeaderElection.lookForLeader(FastLeaderElection.java:840)
	at org.apache.zookeeper.server.quorum.QuorumPeer.run(QuorumPeer.java:762)
2015-04-29 13:05:44,650 [myid:1] - WARN  [QuorumPeer[myid=1]/0:0:0:0:0:0:0:0:2181:QuorumCnxManager@382] - Cannot open channel to 2 at election address ece-acis-dc522/10.244.35.98:3888
java.net.ConnectException: Connection refused
	at java.net.PlainSocketImpl.socketConnect(Native Method)
	at java.net.AbstractPlainSocketImpl.doConnect(AbstractPlainSocketImpl.java:339)
	at java.net.AbstractPlainSocketImpl.connectToAddress(AbstractPlainSocketImpl.java:200)
	at java.net.AbstractPlainSocketImpl.connect(AbstractPlainSocketImpl.java:182)
	at java.net.SocksSocketImpl.connect(SocksSocketImpl.java:392)
	at java.net.Socket.connect(Socket.java:579)
	at org.apache.zookeeper.server.quorum.QuorumCnxManager.connectOne(QuorumCnxManager.java:368)
	at org.apache.zookeeper.server.quorum.QuorumCnxManager.connectAll(QuorumCnxManager.java:402)
	at org.apache.zookeeper.server.quorum.FastLeaderElection.lookForLeader(FastLeaderElection.java:840)
	at org.apache.zookeeper.server.quorum.QuorumPeer.run(QuorumPeer.java:762)
2015-04-29 13:05:44,650 [myid:1] - WARN  [QuorumPeer[myid=1]/0:0:0:0:0:0:0:0:2181:QuorumCnxManager@382] - Cannot open channel to 3 at election address ece-acis-dc523/10.244.35.111:3888
java.net.ConnectException: Connection refused
	at java.net.PlainSocketImpl.socketConnect(Native Method)
	at java.net.AbstractPlainSocketImpl.doConnect(AbstractPlainSocketImpl.java:339)
	at java.net.AbstractPlainSocketImpl.connectToAddress(AbstractPlainSocketImpl.java:200)
	at java.net.AbstractPlainSocketImpl.connect(AbstractPlainSocketImpl.java:182)
	at java.net.SocksSocketImpl.connect(SocksSocketImpl.java:392)
	at java.net.Socket.connect(Socket.java:579)
	at org.apache.zookeeper.server.quorum.QuorumCnxManager.connectOne(QuorumCnxManager.java:368)
	at org.apache.zookeeper.server.quorum.QuorumCnxManager.connectAll(QuorumCnxManager.java:402)
	at org.apache.zookeeper.server.quorum.FastLeaderElection.lookForLeader(FastLeaderElection.java:840)
	at org.apache.zookeeper.server.quorum.QuorumPeer.run(QuorumPeer.java:762)
2015-04-29 13:05:44,651 [myid:1] - WARN  [QuorumPeer[myid=1]/0:0:0:0:0:0:0:0:2181:QuorumCnxManager@382] - Cannot open channel to 4 at election address ece-acis-dc524/10.244.35.126:3888
java.net.ConnectException: Connection refused
	at java.net.PlainSocketImpl.socketConnect(Native Method)
	at java.net.AbstractPlainSocketImpl.doConnect(AbstractPlainSocketImpl.java:339)
	at java.net.AbstractPlainSocketImpl.connectToAddress(AbstractPlainSocketImpl.java:200)
	at java.net.AbstractPlainSocketImpl.connect(AbstractPlainSocketImpl.java:182)
	at java.net.SocksSocketImpl.connect(SocksSocketImpl.java:392)
	at java.net.Socket.connect(Socket.java:579)
	at org.apache.zookeeper.server.quorum.QuorumCnxManager.connectOne(QuorumCnxManager.java:368)
	at org.apache.zookeeper.server.quorum.QuorumCnxManager.connectAll(QuorumCnxManager.java:402)
	at org.apache.zookeeper.server.quorum.FastLeaderElection.lookForLeader(FastLeaderElection.java:840)
	at org.apache.zookeeper.server.quorum.QuorumPeer.run(QuorumPeer.java:762)
2015-04-29 13:05:44,655 [myid:1] - INFO  [QuorumPeer[myid=1]/0:0:0:0:0:0:0:0:2181:FastLeaderElection@849] - Notification time out: 3200
2015-04-29 13:05:44,965 [myid:1] - INFO  [NIOServerCxn.Factory:0.0.0.0/0.0.0.0:2181:NIOServerCnxnFactory@197] - Accepted socket connection from /127.0.0.1:47126
2015-04-29 13:05:44,972 [myid:1] - INFO  [NIOServerCxn.Factory:0.0.0.0/0.0.0.0:2181:NIOServerCnxn@827] - Processing srvr command from /127.0.0.1:47126
2015-04-29 13:05:44,973 [myid:1] - INFO  [Thread-2:NIOServerCnxn@1007] - Closed socket connection for client /127.0.0.1:47126 (no session established for client)
2015-04-29 13:05:47,856 [myid:1] - WARN  [QuorumPeer[myid=1]/0:0:0:0:0:0:0:0:2181:QuorumCnxManager@382] - Cannot open channel to 5 at election address ece-acis-dc525/10.244.35.140:3888
java.net.ConnectException: Connection refused
	at java.net.PlainSocketImpl.socketConnect(Native Method)
	at java.net.AbstractPlainSocketImpl.doConnect(AbstractPlainSocketImpl.java:339)
	at java.net.AbstractPlainSocketImpl.connectToAddress(AbstractPlainSocketImpl.java:200)
	at java.net.AbstractPlainSocketImpl.connect(AbstractPlainSocketImpl.java:182)
	at java.net.SocksSocketImpl.connect(SocksSocketImpl.java:392)
	at java.net.Socket.connect(Socket.java:579)
	at org.apache.zookeeper.server.quorum.QuorumCnxManager.connectOne(QuorumCnxManager.java:368)
	at org.apache.zookeeper.server.quorum.QuorumCnxManager.connectAll(QuorumCnxManager.java:402)
	at org.apache.zookeeper.server.quorum.FastLeaderElection.lookForLeader(FastLeaderElection.java:840)
	at org.apache.zookeeper.server.quorum.QuorumPeer.run(QuorumPeer.java:762)
2015-04-29 13:05:47,857 [myid:1] - WARN  [QuorumPeer[myid=1]/0:0:0:0:0:0:0:0:2181:QuorumCnxManager@382] - Cannot open channel to 2 at election address ece-acis-dc522/10.244.35.98:3888
java.net.ConnectException: Connection refused
	at java.net.PlainSocketImpl.socketConnect(Native Method)
	at java.net.AbstractPlainSocketImpl.doConnect(AbstractPlainSocketImpl.java:339)
	at java.net.AbstractPlainSocketImpl.connectToAddress(AbstractPlainSocketImpl.java:200)
	at java.net.AbstractPlainSocketImpl.connect(AbstractPlainSocketImpl.java:182)
	at java.net.SocksSocketImpl.connect(SocksSocketImpl.java:392)
	at java.net.Socket.connect(Socket.java:579)
	at org.apache.zookeeper.server.quorum.QuorumCnxManager.connectOne(QuorumCnxManager.java:368)
	at org.apache.zookeeper.server.quorum.QuorumCnxManager.connectAll(QuorumCnxManager.java:402)
	at org.apache.zookeeper.server.quorum.FastLeaderElection.lookForLeader(FastLeaderElection.java:840)
	at org.apache.zookeeper.server.quorum.QuorumPeer.run(QuorumPeer.java:762)
2015-04-29 13:05:47,857 [myid:1] - WARN  [QuorumPeer[myid=1]/0:0:0:0:0:0:0:0:2181:QuorumCnxManager@382] - Cannot open channel to 3 at election address ece-acis-dc523/10.244.35.111:3888
java.net.ConnectException: Connection refused
	at java.net.PlainSocketImpl.socketConnect(Native Method)
	at java.net.AbstractPlainSocketImpl.doConnect(AbstractPlainSocketImpl.java:339)
	at java.net.AbstractPlainSocketImpl.connectToAddress(AbstractPlainSocketImpl.java:200)
	at java.net.AbstractPlainSocketImpl.connect(AbstractPlainSocketImpl.java:182)
	at java.net.SocksSocketImpl.connect(SocksSocketImpl.java:392)
	at java.net.Socket.connect(Socket.java:579)
	at org.apache.zookeeper.server.quorum.QuorumCnxManager.connectOne(QuorumCnxManager.java:368)
	at org.apache.zookeeper.server.quorum.QuorumCnxManager.connectAll(QuorumCnxManager.java:402)
	at org.apache.zookeeper.server.quorum.FastLeaderElection.lookForLeader(FastLeaderElection.java:840)
	at org.apache.zookeeper.server.quorum.QuorumPeer.run(QuorumPeer.java:762)
2015-04-29 13:05:47,858 [myid:1] - WARN  [QuorumPeer[myid=1]/0:0:0:0:0:0:0:0:2181:QuorumCnxManager@382] - Cannot open channel to 4 at election address ece-acis-dc524/10.244.35.126:3888
java.net.ConnectException: Connection refused
	at java.net.PlainSocketImpl.socketConnect(Native Method)
	at java.net.AbstractPlainSocketImpl.doConnect(AbstractPlainSocketImpl.java:339)
	at java.net.AbstractPlainSocketImpl.connectToAddress(AbstractPlainSocketImpl.java:200)
	at java.net.AbstractPlainSocketImpl.connect(AbstractPlainSocketImpl.java:182)
	at java.net.SocksSocketImpl.connect(SocksSocketImpl.java:392)
	at java.net.Socket.connect(Socket.java:579)
	at org.apache.zookeeper.server.quorum.QuorumCnxManager.connectOne(QuorumCnxManager.java:368)
	at org.apache.zookeeper.server.quorum.QuorumCnxManager.connectAll(QuorumCnxManager.java:402)
	at org.apache.zookeeper.server.quorum.FastLeaderElection.lookForLeader(FastLeaderElection.java:840)
	at org.apache.zookeeper.server.quorum.QuorumPeer.run(QuorumPeer.java:762)
2015-04-29 13:05:47,858 [myid:1] - INFO  [QuorumPeer[myid=1]/0:0:0:0:0:0:0:0:2181:FastLeaderElection@849] - Notification time out: 6400
2015-04-29 13:05:54,259 [myid:1] - WARN  [QuorumPeer[myid=1]/0:0:0:0:0:0:0:0:2181:QuorumCnxManager@382] - Cannot open channel to 5 at election address ece-acis-dc525/10.244.35.140:3888
java.net.ConnectException: Connection refused
	at java.net.PlainSocketImpl.socketConnect(Native Method)
	at java.net.AbstractPlainSocketImpl.doConnect(AbstractPlainSocketImpl.java:339)
	at java.net.AbstractPlainSocketImpl.connectToAddress(AbstractPlainSocketImpl.java:200)
	at java.net.AbstractPlainSocketImpl.connect(AbstractPlainSocketImpl.java:182)
	at java.net.SocksSocketImpl.connect(SocksSocketImpl.java:392)
	at java.net.Socket.connect(Socket.java:579)
	at org.apache.zookeeper.server.quorum.QuorumCnxManager.connectOne(QuorumCnxManager.java:368)
	at org.apache.zookeeper.server.quorum.QuorumCnxManager.connectAll(QuorumCnxManager.java:402)
	at org.apache.zookeeper.server.quorum.FastLeaderElection.lookForLeader(FastLeaderElection.java:840)
	at org.apache.zookeeper.server.quorum.QuorumPeer.run(QuorumPeer.java:762)
2015-04-29 13:05:54,260 [myid:1] - WARN  [QuorumPeer[myid=1]/0:0:0:0:0:0:0:0:2181:QuorumCnxManager@382] - Cannot open channel to 2 at election address ece-acis-dc522/10.244.35.98:3888
java.net.ConnectException: Connection refused
	at java.net.PlainSocketImpl.socketConnect(Native Method)
	at java.net.AbstractPlainSocketImpl.doConnect(AbstractPlainSocketImpl.java:339)
	at java.net.AbstractPlainSocketImpl.connectToAddress(AbstractPlainSocketImpl.java:200)
	at java.net.AbstractPlainSocketImpl.connect(AbstractPlainSocketImpl.java:182)
	at java.net.SocksSocketImpl.connect(SocksSocketImpl.java:392)
	at java.net.Socket.connect(Socket.java:579)
	at org.apache.zookeeper.server.quorum.QuorumCnxManager.connectOne(QuorumCnxManager.java:368)
	at org.apache.zookeeper.server.quorum.QuorumCnxManager.connectAll(QuorumCnxManager.java:402)
	at org.apache.zookeeper.server.quorum.FastLeaderElection.lookForLeader(FastLeaderElection.java:840)
	at org.apache.zookeeper.server.quorum.QuorumPeer.run(QuorumPeer.java:762)
2015-04-29 13:05:54,262 [myid:1] - WARN  [QuorumPeer[myid=1]/0:0:0:0:0:0:0:0:2181:QuorumCnxManager@382] - Cannot open channel to 3 at election address ece-acis-dc523/10.244.35.111:3888
java.net.ConnectException: Connection refused
	at java.net.PlainSocketImpl.socketConnect(Native Method)
	at java.net.AbstractPlainSocketImpl.doConnect(AbstractPlainSocketImpl.java:339)
	at java.net.AbstractPlainSocketImpl.connectToAddress(AbstractPlainSocketImpl.java:200)
	at java.net.AbstractPlainSocketImpl.connect(AbstractPlainSocketImpl.java:182)
	at java.net.SocksSocketImpl.connect(SocksSocketImpl.java:392)
	at java.net.Socket.connect(Socket.java:579)
	at org.apache.zookeeper.server.quorum.QuorumCnxManager.connectOne(QuorumCnxManager.java:368)
	at org.apache.zookeeper.server.quorum.QuorumCnxManager.connectAll(QuorumCnxManager.java:402)
	at org.apache.zookeeper.server.quorum.FastLeaderElection.lookForLeader(FastLeaderElection.java:840)
	at org.apache.zookeeper.server.quorum.QuorumPeer.run(QuorumPeer.java:762)
2015-04-29 13:05:54,263 [myid:1] - WARN  [QuorumPeer[myid=1]/0:0:0:0:0:0:0:0:2181:QuorumCnxManager@382] - Cannot open channel to 4 at election address ece-acis-dc524/10.244.35.126:3888
java.net.ConnectException: Connection refused
	at java.net.PlainSocketImpl.socketConnect(Native Method)
	at java.net.AbstractPlainSocketImpl.doConnect(AbstractPlainSocketImpl.java:339)
	at java.net.AbstractPlainSocketImpl.connectToAddress(AbstractPlainSocketImpl.java:200)
	at java.net.AbstractPlainSocketImpl.connect(AbstractPlainSocketImpl.java:182)
	at java.net.SocksSocketImpl.connect(SocksSocketImpl.java:392)
	at java.net.Socket.connect(Socket.java:579)
	at org.apache.zookeeper.server.quorum.QuorumCnxManager.connectOne(QuorumCnxManager.java:368)
	at org.apache.zookeeper.server.quorum.QuorumCnxManager.connectAll(QuorumCnxManager.java:402)
	at org.apache.zookeeper.server.quorum.FastLeaderElection.lookForLeader(FastLeaderElection.java:840)
	at org.apache.zookeeper.server.quorum.QuorumPeer.run(QuorumPeer.java:762)
2015-04-29 13:05:54,264 [myid:1] - INFO  [QuorumPeer[myid=1]/0:0:0:0:0:0:0:0:2181:FastLeaderElection@849] - Notification time out: 12800
2015-04-29 13:06:07,064 [myid:1] - WARN  [QuorumPeer[myid=1]/0:0:0:0:0:0:0:0:2181:QuorumCnxManager@382] - Cannot open channel to 5 at election address ece-acis-dc525/10.244.35.140:3888
java.net.ConnectException: Connection refused
	at java.net.PlainSocketImpl.socketConnect(Native Method)
	at java.net.AbstractPlainSocketImpl.doConnect(AbstractPlainSocketImpl.java:339)
	at java.net.AbstractPlainSocketImpl.connectToAddress(AbstractPlainSocketImpl.java:200)
	at java.net.AbstractPlainSocketImpl.connect(AbstractPlainSocketImpl.java:182)
	at java.net.SocksSocketImpl.connect(SocksSocketImpl.java:392)
	at java.net.Socket.connect(Socket.java:579)
	at org.apache.zookeeper.server.quorum.QuorumCnxManager.connectOne(QuorumCnxManager.java:368)
	at org.apache.zookeeper.server.quorum.QuorumCnxManager.connectAll(QuorumCnxManager.java:402)
	at org.apache.zookeeper.server.quorum.FastLeaderElection.lookForLeader(FastLeaderElection.java:840)
	at org.apache.zookeeper.server.quorum.QuorumPeer.run(QuorumPeer.java:762)
2015-04-29 13:06:07,067 [myid:1] - WARN  [QuorumPeer[myid=1]/0:0:0:0:0:0:0:0:2181:QuorumCnxManager@382] - Cannot open channel to 2 at election address ece-acis-dc522/10.244.35.98:3888
java.net.ConnectException: Connection refused
	at java.net.PlainSocketImpl.socketConnect(Native Method)
	at java.net.AbstractPlainSocketImpl.doConnect(AbstractPlainSocketImpl.java:339)
	at java.net.AbstractPlainSocketImpl.connectToAddress(AbstractPlainSocketImpl.java:200)
	at java.net.AbstractPlainSocketImpl.connect(AbstractPlainSocketImpl.java:182)
	at java.net.SocksSocketImpl.connect(SocksSocketImpl.java:392)
	at java.net.Socket.connect(Socket.java:579)
	at org.apache.zookeeper.server.quorum.QuorumCnxManager.connectOne(QuorumCnxManager.java:368)
	at org.apache.zookeeper.server.quorum.QuorumCnxManager.connectAll(QuorumCnxManager.java:402)
	at org.apache.zookeeper.server.quorum.FastLeaderElection.lookForLeader(FastLeaderElection.java:840)
	at org.apache.zookeeper.server.quorum.QuorumPeer.run(QuorumPeer.java:762)
2015-04-29 13:06:07,071 [myid:1] - WARN  [QuorumPeer[myid=1]/0:0:0:0:0:0:0:0:2181:QuorumCnxManager@382] - Cannot open channel to 3 at election address ece-acis-dc523/10.244.35.111:3888
java.net.ConnectException: Connection refused
	at java.net.PlainSocketImpl.socketConnect(Native Method)
	at java.net.AbstractPlainSocketImpl.doConnect(AbstractPlainSocketImpl.java:339)
	at java.net.AbstractPlainSocketImpl.connectToAddress(AbstractPlainSocketImpl.java:200)
	at java.net.AbstractPlainSocketImpl.connect(AbstractPlainSocketImpl.java:182)
	at java.net.SocksSocketImpl.connect(SocksSocketImpl.java:392)
	at java.net.Socket.connect(Socket.java:579)
	at org.apache.zookeeper.server.quorum.QuorumCnxManager.connectOne(QuorumCnxManager.java:368)
	at org.apache.zookeeper.server.quorum.QuorumCnxManager.connectAll(QuorumCnxManager.java:402)
	at org.apache.zookeeper.server.quorum.FastLeaderElection.lookForLeader(FastLeaderElection.java:840)
	at org.apache.zookeeper.server.quorum.QuorumPeer.run(QuorumPeer.java:762)
2015-04-29 13:06:07,072 [myid:1] - WARN  [QuorumPeer[myid=1]/0:0:0:0:0:0:0:0:2181:QuorumCnxManager@382] - Cannot open channel to 4 at election address ece-acis-dc524/10.244.35.126:3888
java.net.ConnectException: Connection refused
	at java.net.PlainSocketImpl.socketConnect(Native Method)
	at java.net.AbstractPlainSocketImpl.doConnect(AbstractPlainSocketImpl.java:339)
	at java.net.AbstractPlainSocketImpl.connectToAddress(AbstractPlainSocketImpl.java:200)
	at java.net.AbstractPlainSocketImpl.connect(AbstractPlainSocketImpl.java:182)
	at java.net.SocksSocketImpl.connect(SocksSocketImpl.java:392)
	at java.net.Socket.connect(Socket.java:579)
	at org.apache.zookeeper.server.quorum.QuorumCnxManager.connectOne(QuorumCnxManager.java:368)
	at org.apache.zookeeper.server.quorum.QuorumCnxManager.connectAll(QuorumCnxManager.java:402)
	at org.apache.zookeeper.server.quorum.FastLeaderElection.lookForLeader(FastLeaderElection.java:840)
	at org.apache.zookeeper.server.quorum.QuorumPeer.run(QuorumPeer.java:762)
2015-04-29 13:06:07,072 [myid:1] - INFO  [QuorumPeer[myid=1]/0:0:0:0:0:0:0:0:2181:FastLeaderElection@849] - Notification time out: 25600
2015-04-29 13:06:32,673 [myid:1] - WARN  [QuorumPeer[myid=1]/0:0:0:0:0:0:0:0:2181:QuorumCnxManager@382] - Cannot open channel to 5 at election address ece-acis-dc525/10.244.35.140:3888
java.net.ConnectException: Connection refused
	at java.net.PlainSocketImpl.socketConnect(Native Method)
	at java.net.AbstractPlainSocketImpl.doConnect(AbstractPlainSocketImpl.java:339)
	at java.net.AbstractPlainSocketImpl.connectToAddress(AbstractPlainSocketImpl.java:200)
	at java.net.AbstractPlainSocketImpl.connect(AbstractPlainSocketImpl.java:182)
	at java.net.SocksSocketImpl.connect(SocksSocketImpl.java:392)
	at java.net.Socket.connect(Socket.java:579)
	at org.apache.zookeeper.server.quorum.QuorumCnxManager.connectOne(QuorumCnxManager.java:368)
	at org.apache.zookeeper.server.quorum.QuorumCnxManager.connectAll(QuorumCnxManager.java:402)
	at org.apache.zookeeper.server.quorum.FastLeaderElection.lookForLeader(FastLeaderElection.java:840)
	at org.apache.zookeeper.server.quorum.QuorumPeer.run(QuorumPeer.java:762)
2015-04-29 13:06:32,674 [myid:1] - WARN  [QuorumPeer[myid=1]/0:0:0:0:0:0:0:0:2181:QuorumCnxManager@382] - Cannot open channel to 2 at election address ece-acis-dc522/10.244.35.98:3888
java.net.ConnectException: Connection refused
	at java.net.PlainSocketImpl.socketConnect(Native Method)
	at java.net.AbstractPlainSocketImpl.doConnect(AbstractPlainSocketImpl.java:339)
	at java.net.AbstractPlainSocketImpl.connectToAddress(AbstractPlainSocketImpl.java:200)
	at java.net.AbstractPlainSocketImpl.connect(AbstractPlainSocketImpl.java:182)
	at java.net.SocksSocketImpl.connect(SocksSocketImpl.java:392)
	at java.net.Socket.connect(Socket.java:579)
	at org.apache.zookeeper.server.quorum.QuorumCnxManager.connectOne(QuorumCnxManager.java:368)
	at org.apache.zookeeper.server.quorum.QuorumCnxManager.connectAll(QuorumCnxManager.java:402)
	at org.apache.zookeeper.server.quorum.FastLeaderElection.lookForLeader(FastLeaderElection.java:840)
	at org.apache.zookeeper.server.quorum.QuorumPeer.run(QuorumPeer.java:762)
2015-04-29 13:06:32,674 [myid:1] - WARN  [QuorumPeer[myid=1]/0:0:0:0:0:0:0:0:2181:QuorumCnxManager@382] - Cannot open channel to 3 at election address ece-acis-dc523/10.244.35.111:3888
java.net.ConnectException: Connection refused
	at java.net.PlainSocketImpl.socketConnect(Native Method)
	at java.net.AbstractPlainSocketImpl.doConnect(AbstractPlainSocketImpl.java:339)
	at java.net.AbstractPlainSocketImpl.connectToAddress(AbstractPlainSocketImpl.java:200)
	at java.net.AbstractPlainSocketImpl.connect(AbstractPlainSocketImpl.java:182)
	at java.net.SocksSocketImpl.connect(SocksSocketImpl.java:392)
	at java.net.Socket.connect(Socket.java:579)
	at org.apache.zookeeper.server.quorum.QuorumCnxManager.connectOne(QuorumCnxManager.java:368)
	at org.apache.zookeeper.server.quorum.QuorumCnxManager.connectAll(QuorumCnxManager.java:402)
	at org.apache.zookeeper.server.quorum.FastLeaderElection.lookForLeader(FastLeaderElection.java:840)
	at org.apache.zookeeper.server.quorum.QuorumPeer.run(QuorumPeer.java:762)
2015-04-29 13:06:32,675 [myid:1] - WARN  [QuorumPeer[myid=1]/0:0:0:0:0:0:0:0:2181:QuorumCnxManager@382] - Cannot open channel to 4 at election address ece-acis-dc524/10.244.35.126:3888
java.net.ConnectException: Connection refused
	at java.net.PlainSocketImpl.socketConnect(Native Method)
	at java.net.AbstractPlainSocketImpl.doConnect(AbstractPlainSocketImpl.java:339)
	at java.net.AbstractPlainSocketImpl.connectToAddress(AbstractPlainSocketImpl.java:200)
	at java.net.AbstractPlainSocketImpl.connect(AbstractPlainSocketImpl.java:182)
	at java.net.SocksSocketImpl.connect(SocksSocketImpl.java:392)
	at java.net.Socket.connect(Socket.java:579)
	at org.apache.zookeeper.server.quorum.QuorumCnxManager.connectOne(QuorumCnxManager.java:368)
	at org.apache.zookeeper.server.quorum.QuorumCnxManager.connectAll(QuorumCnxManager.java:402)
	at org.apache.zookeeper.server.quorum.FastLeaderElection.lookForLeader(FastLeaderElection.java:840)
	at org.apache.zookeeper.server.quorum.QuorumPeer.run(QuorumPeer.java:762)
2015-04-29 13:06:32,675 [myid:1] - INFO  [QuorumPeer[myid=1]/0:0:0:0:0:0:0:0:2181:FastLeaderElection@849] - Notification time out: 51200
2015-04-29 13:07:19,074 [myid:1] - INFO  [ece-acis-dc521/10.244.35.82:3888:QuorumCnxManager$Listener@511] - Received connection request /10.244.35.98:54905
2015-04-29 13:07:19,080 [myid:1] - INFO  [WorkerReceiver[myid=1]:FastLeaderElection@597] - Notification: 1 (message format version), 2 (n.leader), 0x700000602 (n.zxid), 0x1 (n.round), LOOKING (n.state), 2 (n.sid), 0x7 (n.peerEpoch) LOOKING (my state)
2015-04-29 13:07:19,081 [myid:1] - INFO  [WorkerReceiver[myid=1]:FastLeaderElection@597] - Notification: 1 (message format version), 2 (n.leader), 0x700000602 (n.zxid), 0x1 (n.round), LOOKING (n.state), 1 (n.sid), 0x7 (n.peerEpoch) LOOKING (my state)
2015-04-29 13:07:19,081 [myid:1] - WARN  [WorkerSender[myid=1]:QuorumCnxManager@382] - Cannot open channel to 3 at election address ece-acis-dc523/10.244.35.111:3888
java.net.ConnectException: Connection refused
	at java.net.PlainSocketImpl.socketConnect(Native Method)
	at java.net.AbstractPlainSocketImpl.doConnect(AbstractPlainSocketImpl.java:339)
	at java.net.AbstractPlainSocketImpl.connectToAddress(AbstractPlainSocketImpl.java:200)
	at java.net.AbstractPlainSocketImpl.connect(AbstractPlainSocketImpl.java:182)
	at java.net.SocksSocketImpl.connect(SocksSocketImpl.java:392)
	at java.net.Socket.connect(Socket.java:579)
	at org.apache.zookeeper.server.quorum.QuorumCnxManager.connectOne(QuorumCnxManager.java:368)
	at org.apache.zookeeper.server.quorum.QuorumCnxManager.toSend(QuorumCnxManager.java:341)
	at org.apache.zookeeper.server.quorum.FastLeaderElection$Messenger$WorkerSender.process(FastLeaderElection.java:449)
	at org.apache.zookeeper.server.quorum.FastLeaderElection$Messenger$WorkerSender.run(FastLeaderElection.java:430)
	at java.lang.Thread.run(Thread.java:744)
2015-04-29 13:07:19,082 [myid:1] - WARN  [WorkerSender[myid=1]:QuorumCnxManager@382] - Cannot open channel to 4 at election address ece-acis-dc524/10.244.35.126:3888
java.net.ConnectException: Connection refused
	at java.net.PlainSocketImpl.socketConnect(Native Method)
	at java.net.AbstractPlainSocketImpl.doConnect(AbstractPlainSocketImpl.java:339)
	at java.net.AbstractPlainSocketImpl.connectToAddress(AbstractPlainSocketImpl.java:200)
	at java.net.AbstractPlainSocketImpl.connect(AbstractPlainSocketImpl.java:182)
	at java.net.SocksSocketImpl.connect(SocksSocketImpl.java:392)
	at java.net.Socket.connect(Socket.java:579)
	at org.apache.zookeeper.server.quorum.QuorumCnxManager.connectOne(QuorumCnxManager.java:368)
	at org.apache.zookeeper.server.quorum.QuorumCnxManager.toSend(QuorumCnxManager.java:341)
	at org.apache.zookeeper.server.quorum.FastLeaderElection$Messenger$WorkerSender.process(FastLeaderElection.java:449)
	at org.apache.zookeeper.server.quorum.FastLeaderElection$Messenger$WorkerSender.run(FastLeaderElection.java:430)
	at java.lang.Thread.run(Thread.java:744)
2015-04-29 13:07:19,083 [myid:1] - WARN  [WorkerSender[myid=1]:QuorumCnxManager@382] - Cannot open channel to 5 at election address ece-acis-dc525/10.244.35.140:3888
java.net.ConnectException: Connection refused
	at java.net.PlainSocketImpl.socketConnect(Native Method)
	at java.net.AbstractPlainSocketImpl.doConnect(AbstractPlainSocketImpl.java:339)
	at java.net.AbstractPlainSocketImpl.connectToAddress(AbstractPlainSocketImpl.java:200)
	at java.net.AbstractPlainSocketImpl.connect(AbstractPlainSocketImpl.java:182)
	at java.net.SocksSocketImpl.connect(SocksSocketImpl.java:392)
	at java.net.Socket.connect(Socket.java:579)
	at org.apache.zookeeper.server.quorum.QuorumCnxManager.connectOne(QuorumCnxManager.java:368)
	at org.apache.zookeeper.server.quorum.QuorumCnxManager.toSend(QuorumCnxManager.java:341)
	at org.apache.zookeeper.server.quorum.FastLeaderElection$Messenger$WorkerSender.process(FastLeaderElection.java:449)
	at org.apache.zookeeper.server.quorum.FastLeaderElection$Messenger$WorkerSender.run(FastLeaderElection.java:430)
	at java.lang.Thread.run(Thread.java:744)
2015-04-29 13:07:19,288 [myid:1] - INFO  [WorkerReceiver[myid=1]:FastLeaderElection@597] - Notification: 1 (message format version), 2 (n.leader), 0x700000602 (n.zxid), 0x1 (n.round), LOOKING (n.state), 2 (n.sid), 0x7 (n.peerEpoch) LOOKING (my state)
2015-04-29 13:07:19,689 [myid:1] - INFO  [WorkerReceiver[myid=1]:FastLeaderElection@597] - Notification: 1 (message format version), 2 (n.leader), 0x700000602 (n.zxid), 0x1 (n.round), LOOKING (n.state), 2 (n.sid), 0x7 (n.peerEpoch) LOOKING (my state)
2015-04-29 13:07:20,491 [myid:1] - INFO  [WorkerReceiver[myid=1]:FastLeaderElection@597] - Notification: 1 (message format version), 2 (n.leader), 0x700000602 (n.zxid), 0x1 (n.round), LOOKING (n.state), 2 (n.sid), 0x7 (n.peerEpoch) LOOKING (my state)
2015-04-29 13:07:22,093 [myid:1] - INFO  [WorkerReceiver[myid=1]:FastLeaderElection@597] - Notification: 1 (message format version), 2 (n.leader), 0x700000602 (n.zxid), 0x1 (n.round), LOOKING (n.state), 2 (n.sid), 0x7 (n.peerEpoch) LOOKING (my state)
2015-04-29 13:07:25,321 [myid:1] - INFO  [WorkerReceiver[myid=1]:FastLeaderElection@597] - Notification: 1 (message format version), 2 (n.leader), 0x700000602 (n.zxid), 0x1 (n.round), LOOKING (n.state), 2 (n.sid), 0x7 (n.peerEpoch) LOOKING (my state)
2015-04-29 13:07:31,725 [myid:1] - INFO  [WorkerReceiver[myid=1]:FastLeaderElection@597] - Notification: 1 (message format version), 2 (n.leader), 0x700000602 (n.zxid), 0x1 (n.round), LOOKING (n.state), 2 (n.sid), 0x7 (n.peerEpoch) LOOKING (my state)
2015-04-29 13:07:39,960 [myid:1] - INFO  [ece-acis-dc521/10.244.35.82:3888:QuorumCnxManager$Listener@511] - Received connection request /10.244.35.111:60400
2015-04-29 13:07:39,963 [myid:1] - INFO  [WorkerReceiver[myid=1]:FastLeaderElection@597] - Notification: 1 (message format version), 3 (n.leader), 0x700000602 (n.zxid), 0x1 (n.round), LOOKING (n.state), 3 (n.sid), 0x7 (n.peerEpoch) LOOKING (my state)
2015-04-29 13:07:39,964 [myid:1] - INFO  [WorkerReceiver[myid=1]:FastLeaderElection@597] - Notification: 1 (message format version), 3 (n.leader), 0x700000602 (n.zxid), 0x1 (n.round), LOOKING (n.state), 1 (n.sid), 0x7 (n.peerEpoch) LOOKING (my state)
2015-04-29 13:07:39,965 [myid:1] - WARN  [WorkerSender[myid=1]:QuorumCnxManager@382] - Cannot open channel to 4 at election address ece-acis-dc524/10.244.35.126:3888
java.net.ConnectException: Connection refused
	at java.net.PlainSocketImpl.socketConnect(Native Method)
	at java.net.AbstractPlainSocketImpl.doConnect(AbstractPlainSocketImpl.java:339)
	at java.net.AbstractPlainSocketImpl.connectToAddress(AbstractPlainSocketImpl.java:200)
	at java.net.AbstractPlainSocketImpl.connect(AbstractPlainSocketImpl.java:182)
	at java.net.SocksSocketImpl.connect(SocksSocketImpl.java:392)
	at java.net.Socket.connect(Socket.java:579)
	at org.apache.zookeeper.server.quorum.QuorumCnxManager.connectOne(QuorumCnxManager.java:368)
	at org.apache.zookeeper.server.quorum.QuorumCnxManager.toSend(QuorumCnxManager.java:341)
	at org.apache.zookeeper.server.quorum.FastLeaderElection$Messenger$WorkerSender.process(FastLeaderElection.java:449)
	at org.apache.zookeeper.server.quorum.FastLeaderElection$Messenger$WorkerSender.run(FastLeaderElection.java:430)
	at java.lang.Thread.run(Thread.java:744)
2015-04-29 13:07:39,966 [myid:1] - WARN  [WorkerSender[myid=1]:QuorumCnxManager@382] - Cannot open channel to 5 at election address ece-acis-dc525/10.244.35.140:3888
java.net.ConnectException: Connection refused
	at java.net.PlainSocketImpl.socketConnect(Native Method)
	at java.net.AbstractPlainSocketImpl.doConnect(AbstractPlainSocketImpl.java:339)
	at java.net.AbstractPlainSocketImpl.connectToAddress(AbstractPlainSocketImpl.java:200)
	at java.net.AbstractPlainSocketImpl.connect(AbstractPlainSocketImpl.java:182)
	at java.net.SocksSocketImpl.connect(SocksSocketImpl.java:392)
	at java.net.Socket.connect(Socket.java:579)
	at org.apache.zookeeper.server.quorum.QuorumCnxManager.connectOne(QuorumCnxManager.java:368)
	at org.apache.zookeeper.server.quorum.QuorumCnxManager.toSend(QuorumCnxManager.java:341)
	at org.apache.zookeeper.server.quorum.FastLeaderElection$Messenger$WorkerSender.process(FastLeaderElection.java:449)
	at org.apache.zookeeper.server.quorum.FastLeaderElection$Messenger$WorkerSender.run(FastLeaderElection.java:430)
	at java.lang.Thread.run(Thread.java:744)
2015-04-29 13:07:39,967 [myid:1] - INFO  [WorkerReceiver[myid=1]:FastLeaderElection@597] - Notification: 1 (message format version), 3 (n.leader), 0x700000602 (n.zxid), 0x1 (n.round), LOOKING (n.state), 2 (n.sid), 0x7 (n.peerEpoch) LOOKING (my state)
2015-04-29 13:07:40,167 [myid:1] - INFO  [QuorumPeer[myid=1]/0:0:0:0:0:0:0:0:2181:QuorumPeer@784] - FOLLOWING
2015-04-29 13:07:40,173 [myid:1] - INFO  [QuorumPeer[myid=1]/0:0:0:0:0:0:0:0:2181:Learner@86] - TCP NoDelay set to: true
2015-04-29 13:07:40,183 [myid:1] - INFO  [QuorumPeer[myid=1]/0:0:0:0:0:0:0:0:2181:Environment@100] - Server environment:zookeeper.version=3.4.6-1569965, built on 02/20/2014 09:09 GMT
2015-04-29 13:07:40,183 [myid:1] - INFO  [QuorumPeer[myid=1]/0:0:0:0:0:0:0:0:2181:Environment@100] - Server environment:host.name=ece-acis-dc521.acis.ufl.edu
2015-04-29 13:07:40,183 [myid:1] - INFO  [QuorumPeer[myid=1]/0:0:0:0:0:0:0:0:2181:Environment@100] - Server environment:java.version=1.7.0_51
2015-04-29 13:07:40,183 [myid:1] - INFO  [QuorumPeer[myid=1]/0:0:0:0:0:0:0:0:2181:Environment@100] - Server environment:java.vendor=Oracle Corporation
2015-04-29 13:07:40,184 [myid:1] - INFO  [QuorumPeer[myid=1]/0:0:0:0:0:0:0:0:2181:Environment@100] - Server environment:java.home=/usr/java/jdk1.7.0_51/jre
2015-04-29 13:07:40,184 [myid:1] - INFO  [QuorumPeer[myid=1]/0:0:0:0:0:0:0:0:2181:Environment@100] - Server environment:java.class.path=/home/UFAD/paragoke/zookeeper/zookeeper-3.4.6/bin/../build/classes:/home/UFAD/paragoke/zookeeper/zookeeper-3.4.6/bin/../build/lib/*.jar:/home/UFAD/paragoke/zookeeper/zookeeper-3.4.6/bin/../lib/slf4j-log4j12-1.6.1.jar:/home/UFAD/paragoke/zookeeper/zookeeper-3.4.6/bin/../lib/slf4j-api-1.6.1.jar:/home/UFAD/paragoke/zookeeper/zookeeper-3.4.6/bin/../lib/netty-3.7.0.Final.jar:/home/UFAD/paragoke/zookeeper/zookeeper-3.4.6/bin/../lib/log4j-1.2.16.jar:/home/UFAD/paragoke/zookeeper/zookeeper-3.4.6/bin/../lib/jline-0.9.94.jar:/home/UFAD/paragoke/zookeeper/zookeeper-3.4.6/bin/../zookeeper-3.4.6.jar:/home/UFAD/paragoke/zookeeper/zookeeper-3.4.6/bin/../src/java/lib/*.jar:/home/UFAD/paragoke/zookeeper/zookeeper-3.4.6/bin/../conf:
2015-04-29 13:07:40,184 [myid:1] - INFO  [QuorumPeer[myid=1]/0:0:0:0:0:0:0:0:2181:Environment@100] - Server environment:java.library.path=/usr/java/packages/lib/amd64:/usr/lib64:/lib64:/lib:/usr/lib
2015-04-29 13:07:40,184 [myid:1] - INFO  [QuorumPeer[myid=1]/0:0:0:0:0:0:0:0:2181:Environment@100] - Server environment:java.io.tmpdir=/tmp
2015-04-29 13:07:40,184 [myid:1] - INFO  [QuorumPeer[myid=1]/0:0:0:0:0:0:0:0:2181:Environment@100] - Server environment:java.compiler=<NA>
2015-04-29 13:07:40,184 [myid:1] - INFO  [QuorumPeer[myid=1]/0:0:0:0:0:0:0:0:2181:Environment@100] - Server environment:os.name=Linux
2015-04-29 13:07:40,184 [myid:1] - INFO  [QuorumPeer[myid=1]/0:0:0:0:0:0:0:0:2181:Environment@100] - Server environment:os.arch=amd64
2015-04-29 13:07:40,184 [myid:1] - INFO  [QuorumPeer[myid=1]/0:0:0:0:0:0:0:0:2181:Environment@100] - Server environment:os.version=2.6.32-504.1.3.el6.x86_64
2015-04-29 13:07:40,184 [myid:1] - INFO  [QuorumPeer[myid=1]/0:0:0:0:0:0:0:0:2181:Environment@100] - Server environment:user.name=paragoke
2015-04-29 13:07:40,184 [myid:1] - INFO  [QuorumPeer[myid=1]/0:0:0:0:0:0:0:0:2181:Environment@100] - Server environment:user.home=/home/UFAD/paragoke
2015-04-29 13:07:40,185 [myid:1] - INFO  [QuorumPeer[myid=1]/0:0:0:0:0:0:0:0:2181:Environment@100] - Server environment:user.dir=/home/UFAD/paragoke/2015_DC_Project/MapReduce/src
2015-04-29 13:07:40,186 [myid:1] - INFO  [QuorumPeer[myid=1]/0:0:0:0:0:0:0:0:2181:ZooKeeperServer@162] - Created server with tickTime 2000 minSessionTimeout 4000 maxSessionTimeout 40000 datadir /home/UFAD/paragoke/zookeeper/zookeeper-3.4.6/data/version-2 snapdir /home/UFAD/paragoke/zookeeper/zookeeper-3.4.6/data/version-2
2015-04-29 13:07:40,187 [myid:1] - INFO  [QuorumPeer[myid=1]/0:0:0:0:0:0:0:0:2181:Follower@63] - FOLLOWING - LEADER ELECTION TOOK - 118574
2015-04-29 13:07:40,190 [myid:1] - WARN  [QuorumPeer[myid=1]/0:0:0:0:0:0:0:0:2181:Learner@233] - Unexpected exception, tries=0, connecting to ece-acis-dc523/10.244.35.111:2888
java.net.ConnectException: Connection refused
	at java.net.PlainSocketImpl.socketConnect(Native Method)
	at java.net.AbstractPlainSocketImpl.doConnect(AbstractPlainSocketImpl.java:339)
	at java.net.AbstractPlainSocketImpl.connectToAddress(AbstractPlainSocketImpl.java:200)
	at java.net.AbstractPlainSocketImpl.connect(AbstractPlainSocketImpl.java:182)
	at java.net.SocksSocketImpl.connect(SocksSocketImpl.java:392)
	at java.net.Socket.connect(Socket.java:579)
	at org.apache.zookeeper.server.quorum.Learner.connectToLeader(Learner.java:225)
	at org.apache.zookeeper.server.quorum.Follower.followLeader(Follower.java:71)
	at org.apache.zookeeper.server.quorum.QuorumPeer.run(QuorumPeer.java:786)
2015-04-29 13:07:41,474 [myid:1] - INFO  [QuorumPeer[myid=1]/0:0:0:0:0:0:0:0:2181:Learner@323] - Getting a diff from the leader 0x700000602
2015-04-29 13:07:41,479 [myid:1] - INFO  [QuorumPeer[myid=1]/0:0:0:0:0:0:0:0:2181:FileTxnSnapLog@240] - Snapshotting: 0x700000602 to /home/UFAD/paragoke/zookeeper/zookeeper-3.4.6/data/version-2/snapshot.700000602
2015-04-29 13:07:42,833 [myid:1] - INFO  [ece-acis-dc521/10.244.35.82:3888:QuorumCnxManager$Listener@511] - Received connection request /10.244.35.126:35409
2015-04-29 13:07:42,836 [myid:1] - INFO  [WorkerReceiver[myid=1]:FastLeaderElection@597] - Notification: 1 (message format version), 4 (n.leader), 0x700000602 (n.zxid), 0x1 (n.round), LOOKING (n.state), 4 (n.sid), 0x7 (n.peerEpoch) FOLLOWING (my state)
2015-04-29 13:07:45,774 [myid:1] - INFO  [ece-acis-dc521/10.244.35.82:3888:QuorumCnxManager$Listener@511] - Received connection request /10.244.35.140:42069
2015-04-29 13:07:45,778 [myid:1] - INFO  [WorkerReceiver[myid=1]:FastLeaderElection@597] - Notification: 1 (message format version), 5 (n.leader), 0x700000602 (n.zxid), 0x1 (n.round), LOOKING (n.state), 5 (n.sid), 0x7 (n.peerEpoch) FOLLOWING (my state)
2015-04-29 13:07:57,020 [myid:1] - INFO  [NIOServerCxn.Factory:0.0.0.0/0.0.0.0:2181:NIOServerCnxnFactory@197] - Accepted socket connection from /127.0.0.1:47150
2015-04-29 13:07:57,021 [myid:1] - INFO  [NIOServerCxn.Factory:0.0.0.0/0.0.0.0:2181:NIOServerCnxn@827] - Processing srvr command from /127.0.0.1:47150
2015-04-29 13:07:57,023 [myid:1] - INFO  [Thread-3:NIOServerCnxn@1007] - Closed socket connection for client /127.0.0.1:47150 (no session established for client)
2015-04-29 13:10:47,637 [myid:1] - INFO  [NIOServerCxn.Factory:0.0.0.0/0.0.0.0:2181:NIOServerCnxnFactory@197] - Accepted socket connection from /0:0:0:0:0:0:0:1:42887
2015-04-29 13:10:47,643 [myid:1] - INFO  [NIOServerCxn.Factory:0.0.0.0/0.0.0.0:2181:ZooKeeperServer@868] - Client attempting to establish new session at /0:0:0:0:0:0:0:1:42887
2015-04-29 13:10:47,647 [myid:1] - WARN  [QuorumPeer[myid=1]/0:0:0:0:0:0:0:0:2181:Follower@118] - Got zxid 0x900000001 expected 0x1
2015-04-29 13:10:47,647 [myid:1] - INFO  [SyncThread:1:FileTxnLog@199] - Creating new log file: log.900000001
2015-04-29 13:10:47,802 [myid:1] - INFO  [CommitProcessor:1:ZooKeeperServer@617] - Established session 0x14d0625f9260000 with negotiated timeout 15000 for client /0:0:0:0:0:0:0:1:42887
2015-04-29 13:10:48,186 [myid:1] - WARN  [NIOServerCxn.Factory:0.0.0.0/0.0.0.0:2181:NIOServerCnxn@357] - caught end of stream exception
EndOfStreamException: Unable to read additional data from client sessionid 0x14d0625f9260000, likely client has closed socket
	at org.apache.zookeeper.server.NIOServerCnxn.doIO(NIOServerCnxn.java:228)
	at org.apache.zookeeper.server.NIOServerCnxnFactory.run(NIOServerCnxnFactory.java:208)
	at java.lang.Thread.run(Thread.java:744)
2015-04-29 13:10:48,186 [myid:1] - INFO  [NIOServerCxn.Factory:0.0.0.0/0.0.0.0:2181:NIOServerCnxn@1007] - Closed socket connection for client /0:0:0:0:0:0:0:1:42887 which had sessionid 0x14d0625f9260000
2015-04-29 13:10:54,628 [myid:1] - INFO  [NIOServerCxn.Factory:0.0.0.0/0.0.0.0:2181:NIOServerCnxnFactory@197] - Accepted socket connection from /0:0:0:0:0:0:0:1:42888
2015-04-29 13:10:54,656 [myid:1] - INFO  [NIOServerCxn.Factory:0.0.0.0/0.0.0.0:2181:ZooKeeperServer@868] - Client attempting to establish new session at /0:0:0:0:0:0:0:1:42888
2015-04-29 13:10:54,690 [myid:1] - INFO  [CommitProcessor:1:ZooKeeperServer@617] - Established session 0x14d0625f9260001 with negotiated timeout 30000 for client /0:0:0:0:0:0:0:1:42888
2015-04-29 13:11:01,578 [myid:1] - INFO  [NIOServerCxn.Factory:0.0.0.0/0.0.0.0:2181:NIOServerCnxn@1007] - Closed socket connection for client /0:0:0:0:0:0:0:1:42888 which had sessionid 0x14d0625f9260001
2015-04-29 13:11:53,454 [myid:1] - INFO  [NIOServerCxn.Factory:0.0.0.0/0.0.0.0:2181:NIOServerCnxnFactory@197] - Accepted socket connection from /127.0.0.1:47161
2015-04-29 13:11:53,459 [myid:1] - INFO  [NIOServerCxn.Factory:0.0.0.0/0.0.0.0:2181:ZooKeeperServer@868] - Client attempting to establish new session at /127.0.0.1:47161
2015-04-29 13:11:53,491 [myid:1] - INFO  [CommitProcessor:1:ZooKeeperServer@617] - Established session 0x14d0625f9260002 with negotiated timeout 15000 for client /127.0.0.1:47161
2015-04-29 13:11:59,823 [myid:1] - WARN  [NIOServerCxn.Factory:0.0.0.0/0.0.0.0:2181:NIOServerCnxn@357] - caught end of stream exception
EndOfStreamException: Unable to read additional data from client sessionid 0x14d0625f9260002, likely client has closed socket
	at org.apache.zookeeper.server.NIOServerCnxn.doIO(NIOServerCnxn.java:228)
	at org.apache.zookeeper.server.NIOServerCnxnFactory.run(NIOServerCnxnFactory.java:208)
	at java.lang.Thread.run(Thread.java:744)
2015-04-29 13:11:59,823 [myid:1] - INFO  [NIOServerCxn.Factory:0.0.0.0/0.0.0.0:2181:NIOServerCnxn@1007] - Closed socket connection for client /127.0.0.1:47161 which had sessionid 0x14d0625f9260002
2015-04-29 13:12:15,193 [myid:1] - INFO  [NIOServerCxn.Factory:0.0.0.0/0.0.0.0:2181:NIOServerCnxnFactory@197] - Accepted socket connection from /127.0.0.1:47162
2015-04-29 13:12:15,217 [myid:1] - INFO  [NIOServerCxn.Factory:0.0.0.0/0.0.0.0:2181:ZooKeeperServer@868] - Client attempting to establish new session at /127.0.0.1:47162
2015-04-29 13:12:15,242 [myid:1] - INFO  [CommitProcessor:1:ZooKeeperServer@617] - Established session 0x14d0625f9260003 with negotiated timeout 30000 for client /127.0.0.1:47162
2015-04-29 13:12:20,958 [myid:1] - INFO  [NIOServerCxn.Factory:0.0.0.0/0.0.0.0:2181:NIOServerCnxn@1007] - Closed socket connection for client /127.0.0.1:47162 which had sessionid 0x14d0625f9260003
2015-04-29 13:12:34,082 [myid:1] - INFO  [NIOServerCxn.Factory:0.0.0.0/0.0.0.0:2181:NIOServerCnxnFactory@197] - Accepted socket connection from /127.0.0.1:47163
2015-04-29 13:12:34,106 [myid:1] - INFO  [NIOServerCxn.Factory:0.0.0.0/0.0.0.0:2181:ZooKeeperServer@868] - Client attempting to establish new session at /127.0.0.1:47163
2015-04-29 13:12:34,123 [myid:1] - INFO  [CommitProcessor:1:ZooKeeperServer@617] - Established session 0x14d0625f9260004 with negotiated timeout 30000 for client /127.0.0.1:47163
2015-04-29 13:12:43,219 [myid:1] - INFO  [NIOServerCxn.Factory:0.0.0.0/0.0.0.0:2181:NIOServerCnxn@1007] - Closed socket connection for client /127.0.0.1:47163 which had sessionid 0x14d0625f9260004
2015-04-29 13:13:21,822 [myid:1] - INFO  [NIOServerCxn.Factory:0.0.0.0/0.0.0.0:2181:NIOServerCnxnFactory@197] - Accepted socket connection from /127.0.0.1:47164
2015-04-29 13:13:21,826 [myid:1] - INFO  [NIOServerCxn.Factory:0.0.0.0/0.0.0.0:2181:ZooKeeperServer@868] - Client attempting to establish new session at /127.0.0.1:47164
2015-04-29 13:13:21,849 [myid:1] - INFO  [CommitProcessor:1:ZooKeeperServer@617] - Established session 0x14d0625f9260005 with negotiated timeout 15000 for client /127.0.0.1:47164
2015-04-29 13:13:22,012 [myid:1] - WARN  [NIOServerCxn.Factory:0.0.0.0/0.0.0.0:2181:NIOServerCnxn@357] - caught end of stream exception
EndOfStreamException: Unable to read additional data from client sessionid 0x14d0625f9260005, likely client has closed socket
	at org.apache.zookeeper.server.NIOServerCnxn.doIO(NIOServerCnxn.java:228)
	at org.apache.zookeeper.server.NIOServerCnxnFactory.run(NIOServerCnxnFactory.java:208)
	at java.lang.Thread.run(Thread.java:744)
2015-04-29 13:13:22,012 [myid:1] - INFO  [NIOServerCxn.Factory:0.0.0.0/0.0.0.0:2181:NIOServerCnxn@1007] - Closed socket connection for client /127.0.0.1:47164 which had sessionid 0x14d0625f9260005
2015-04-29 13:13:25,046 [myid:1] - INFO  [NIOServerCxn.Factory:0.0.0.0/0.0.0.0:2181:NIOServerCnxnFactory@197] - Accepted socket connection from /127.0.0.1:47165
2015-04-29 13:13:25,069 [myid:1] - INFO  [NIOServerCxn.Factory:0.0.0.0/0.0.0.0:2181:ZooKeeperServer@868] - Client attempting to establish new session at /127.0.0.1:47165
2015-04-29 13:13:25,109 [myid:1] - INFO  [CommitProcessor:1:ZooKeeperServer@617] - Established session 0x14d0625f9260006 with negotiated timeout 30000 for client /127.0.0.1:47165
2015-04-29 13:13:28,204 [myid:1] - INFO  [NIOServerCxn.Factory:0.0.0.0/0.0.0.0:2181:NIOServerCnxn@1007] - Closed socket connection for client /127.0.0.1:47165 which had sessionid 0x14d0625f9260006
2015-04-29 13:40:17,408 [myid:1] - INFO  [NIOServerCxn.Factory:0.0.0.0/0.0.0.0:2181:NIOServerCnxnFactory@197] - Accepted socket connection from /127.0.0.1:47191
2015-04-29 13:40:17,413 [myid:1] - INFO  [NIOServerCxn.Factory:0.0.0.0/0.0.0.0:2181:ZooKeeperServer@868] - Client attempting to establish new session at /127.0.0.1:47191
2015-04-29 13:40:17,440 [myid:1] - INFO  [CommitProcessor:1:ZooKeeperServer@617] - Established session 0x14d0625f9260007 with negotiated timeout 15000 for client /127.0.0.1:47191
2015-04-29 13:40:18,912 [myid:1] - INFO  [NIOServerCxn.Factory:0.0.0.0/0.0.0.0:2181:NIOServerCnxnFactory@197] - Accepted socket connection from /127.0.0.1:47192
2015-04-29 13:40:18,917 [myid:1] - INFO  [NIOServerCxn.Factory:0.0.0.0/0.0.0.0:2181:ZooKeeperServer@868] - Client attempting to establish new session at /127.0.0.1:47192
2015-04-29 13:40:18,942 [myid:1] - INFO  [CommitProcessor:1:ZooKeeperServer@617] - Established session 0x14d0625f9260008 with negotiated timeout 40000 for client /127.0.0.1:47192
2015-04-29 13:43:49,581 [myid:1] - INFO  [NIOServerCxn.Factory:0.0.0.0/0.0.0.0:2181:NIOServerCnxn@1007] - Closed socket connection for client /127.0.0.1:47191 which had sessionid 0x14d0625f9260007
2015-04-29 13:43:50,287 [myid:1] - WARN  [NIOServerCxn.Factory:0.0.0.0/0.0.0.0:2181:NIOServerCnxn@357] - caught end of stream exception
EndOfStreamException: Unable to read additional data from client sessionid 0x14d0625f9260008, likely client has closed socket
	at org.apache.zookeeper.server.NIOServerCnxn.doIO(NIOServerCnxn.java:228)
	at org.apache.zookeeper.server.NIOServerCnxnFactory.run(NIOServerCnxnFactory.java:208)
	at java.lang.Thread.run(Thread.java:744)
2015-04-29 13:43:50,289 [myid:1] - INFO  [NIOServerCxn.Factory:0.0.0.0/0.0.0.0:2181:NIOServerCnxn@1007] - Closed socket connection for client /127.0.0.1:47192 which had sessionid 0x14d0625f9260008
